2022/09/13 18:47:50	System.Net.WebException: The remote server returned an error: (500) Internal Server Error.
   at System.Net.HttpWebRequest.GetResponse()
   at SPAPIstab.IF.post(String url, String postData, MethodBase methodBase, Exception& error) in C:\Users\reno\source\repos\SPAPIstab\SPAPIstab\IF.cs:line 87
2022/09/13 18:47:50	System.Exception: 
curerntMethod:System.String createFeed(System.String, System.String, System.String, Region, System.String)
2022/09/13 18:47:50	System.Exception: 
url:https://main-trademark.ssl-lolipop.jp/spapiphp/res.php
2022/09/13 18:47:50	System.Exception: 
postData:xml=%3Croot%3E%3Caction%3EcreateFeed%3C%2Faction%3E%3CUserId%3EtestUser%3C%2FUserId%3E%3CappId%3Eamz
2022/09/13 18:48:08	System.Net.WebException: The remote server returned an error: (500) Internal Server Error.
   at System.Net.HttpWebRequest.GetResponse()
   at SPAPIstab.IF.post(String url, String postData, MethodBase methodBase, Exception& error) in C:\Users\reno\source\repos\SPAPIstab\SPAPIstab\IF.cs:line 87
2022/09/13 18:48:08	System.Exception: 
curerntMethod:System.String createFeed(System.String, System.String, System.String, Region, System.String)
2022/09/13 18:48:08	System.Exception: 
url:https://main-trademark.ssl-lolipop.jp/spapiphp/res.php
2022/09/13 18:48:08	System.Exception: 
postData:xml=%3Croot%3E%3Caction%3EcreateFeed%3C%2Faction%3E%3CUserId%3EtestUser%3C%2FUserId%3E%3CappId%3Eamz
2022/09/13 18:48:11	System.Net.WebException: The remote server returned an error: (500) Internal Server Error.
   at System.Net.HttpWebRequest.GetResponse()
   at SPAPIstab.IF.post(String url, String postData, MethodBase methodBase, Exception& error) in C:\Users\reno\source\repos\SPAPIstab\SPAPIstab\IF.cs:line 87
2022/09/13 18:48:11	System.Exception: 
curerntMethod:System.String createFeed(System.String, System.String, System.String, Region, System.String)
2022/09/13 18:48:11	System.Exception: 
url:https://main-trademark.ssl-lolipop.jp/spapiphp/res.php
2022/09/13 18:48:11	System.Exception: 
postData:xml=%3Croot%3E%3Caction%3EcreateFeed%3C%2Faction%3E%3CUserId%3EtestUser%3C%2FUserId%3E%3CappId%3Eamz
2022/09/13 18:48:14	System.Net.WebException: The remote server returned an error: (500) Internal Server Error.
   at System.Net.HttpWebRequest.GetResponse()
   at SPAPIstab.IF.post(String url, String postData, MethodBase methodBase, Exception& error) in C:\Users\reno\source\repos\SPAPIstab\SPAPIstab\IF.cs:line 87
2022/09/13 18:48:14	System.Exception: 
curerntMethod:System.String createFeed(System.String, System.String, System.String, Region, System.String)
2022/09/13 18:48:14	System.Exception: 
url:https://main-trademark.ssl-lolipop.jp/spapiphp/res.php
2022/09/13 18:48:14	System.Exception: 
postData:xml=%3Croot%3E%3Caction%3EcreateFeed%3C%2Faction%3E%3CUserId%3EtestUser%3C%2FUserId%3E%3CappId%3Eamz
2022/09/13 18:48:48	System.Net.WebException: The remote server returned an error: (500) Internal Server Error.
   at System.Net.HttpWebRequest.GetResponse()
   at SPAPIstab.IF.post(String url, String postData, MethodBase methodBase, Exception& error) in C:\Users\reno\source\repos\SPAPIstab\SPAPIstab\IF.cs:line 87
2022/09/13 18:48:48	System.Exception: 
curerntMethod:System.String createFeed(System.String, System.String, System.String, Region, System.String)
2022/09/13 18:48:48	System.Exception: 
url:https://main-trademark.ssl-lolipop.jp/spapiphp/res.php
2022/09/13 18:48:48	System.Exception: 
postData:xml=%3Croot%3E%3Caction%3EcreateFeed%3C%2Faction%3E%3CUserId%3EtestUser%3C%2FUserId%3E%3CappId%3Eamz
2022/09/13 18:50:21	System.Net.WebException: The remote server returned an error: (500) Internal Server Error.
   at System.Net.HttpWebRequest.GetResponse()
   at SPAPIstab.IF.post(String url, String postData, MethodBase methodBase, Exception& error) in C:\Users\reno\source\repos\SPAPIstab\SPAPIstab\IF.cs:line 87
2022/09/13 18:50:21	System.Exception: 
curerntMethod:System.String createFeedDocument(System.String, System.String, System.String, Region, System.String)
2022/09/13 18:50:21	System.Exception: 
url:https://main-trademark.ssl-lolipop.jp/spapiphp/res.php
2022/09/13 18:50:21	System.Exception: 
postData:xml=%3Croot%3E%3Caction%3EcreateFeed%3C%2Faction%3E%3CUserId%3EtestUser%3C%2FUserId%3E%3CappId%3Eamz
2022/09/13 18:51:34	System.Net.WebException: The remote server returned an error: (500) Internal Server Error.
   at System.Net.HttpWebRequest.GetResponse()
   at SPAPIstab.IF.post(String url, String postData, MethodBase methodBase, Exception& error) in C:\Users\reno\source\repos\SPAPIstab\SPAPIstab\IF.cs:line 87
2022/09/13 18:51:34	System.Exception: 
curerntMethod:System.String createFeedDocument(System.String, System.String, System.String, Region, System.String)
2022/09/13 18:51:34	System.Exception: 
url:https://main-trademark.ssl-lolipop.jp/spapiphp/res.php
2022/09/13 18:51:34	System.Exception: 
postData:xml=%3Croot%3E%3Caction%3EcreateFeed%3C%2Faction%3E%3CUserId%3EtestUser%3C%2FUserId%3E%3CappId%3Eamz
2022/09/13 18:52:15	System.Net.WebException: The remote server returned an error: (500) Internal Server Error.
   at System.Net.HttpWebRequest.GetResponse()
   at SPAPIstab.IF.post(String url, String postData, MethodBase methodBase, Exception& error) in C:\Users\reno\source\repos\SPAPIstab\SPAPIstab\IF.cs:line 87
2022/09/13 18:52:15	System.Exception: 
curerntMethod:System.String createFeedDocument(System.String, System.String, System.String, Region, System.String)
2022/09/13 18:52:15	System.Exception: 
url:https://main-trademark.ssl-lolipop.jp/spapiphp/res.php
2022/09/13 18:52:15	System.Exception: 
postData:xml=%3Croot%3E%3Caction%3EcreateFeed%3C%2Faction%3E%3CUserId%3EtestUser%3C%2FUserId%3E%3CappId%3Eamz
2022/09/13 18:52:55	System.Net.WebException: The remote server returned an error: (500) Internal Server Error.
   at System.Net.HttpWebRequest.GetResponse()
   at SPAPIstab.IF.post(String url, String postData, MethodBase methodBase, Exception& error)
2022/09/13 18:52:55	System.Exception: 
curerntMethod:System.String createFeedDocument(System.String, System.String, System.String, Region, System.String)
2022/09/13 18:52:55	System.Exception: 
url:https://main-trademark.ssl-lolipop.jp/spapiphp/res.php
2022/09/13 18:52:55	System.Exception: 
postData:xml=%3Croot%3E%3Caction%3EcreateFeed%3C%2Faction%3E%3CUserId%3EtestUser%3C%2FUserId%3E%3CappId%3Eamz
2022/09/13 18:55:57	System.Net.WebException: The remote server returned an error: (500) Internal Server Error.
   at System.Net.HttpWebRequest.GetResponse()
   at SPAPIstab.IF.post(String url, String postData, MethodBase methodBase, Exception& error) in C:\Users\reno\source\repos\SPAPIstab\SPAPIstab\IF.cs:line 87
2022/09/13 18:55:57	System.Exception: 
curerntMethod:System.String createFeedDocument(System.String, System.String, System.String, Region, System.String)
2022/09/13 18:55:57	System.Exception: 
url:https://main-trademark.ssl-lolipop.jp/spapiphp/res.php
2022/09/13 18:55:57	System.Exception: 
postData:xml=%3Croot%3E%3Caction%3EcreateFeedDocument%3C%2Faction%3E%3CUserId%3EtestUser%3C%2FUserId%3E%3Capp
