2022/09/10 0:17:36	System.Net.WebException: The remote server returned an error: (500) Internal Server Error.
   at System.Net.HttpWebRequest.GetResponse()
   at SPAPIstab.IF.post(String url, String postData, MethodBase methodBase, Exception& error) in C:\Users\reno\source\repos\SPAPIstab\SPAPIstab\IF.cs:line 87
2022/09/10 0:17:36	System.Exception: 
curerntMethod:System.String testSPAPI(System.String, System.String, System.String, Region)
2022/09/10 0:17:36	System.Exception: 
url:https://renoneve.xsrv.jp/spapiphp/res.php
2022/09/10 0:17:36	System.Exception: 
postData:xml=%3Croot%3E%3Caction%3ElistCatalogItems_v202204%3C%2Faction%3E%3CUserId%3EtestUser%3C%2FUserId%3E
2022/09/10 0:17:37	System.Net.WebException: The remote server returned an error: (500) Internal Server Error.
   at System.Net.HttpWebRequest.GetResponse()
   at SPAPIstab.IF.post(String url, String postData, MethodBase methodBase, Exception& error) in C:\Users\reno\source\repos\SPAPIstab\SPAPIstab\IF.cs:line 87
2022/09/10 0:17:37	System.Exception: 
curerntMethod:System.String testSPAPI(System.String, System.String, System.String, Region)
2022/09/10 0:17:37	System.Exception: 
url:https://renoneve.xsrv.jp/spapiphp/res.php
2022/09/10 0:17:37	System.Exception: 
postData:xml=%3Croot%3E%3Caction%3ElistCatalogItems_v202204%3C%2Faction%3E%3CUserId%3EtestUser%3C%2FUserId%3E
2022/09/10 0:18:06	System.Net.WebException: The remote server returned an error: (500) Internal Server Error.
   at System.Net.HttpWebRequest.GetResponse()
   at SPAPIstab.IF.post(String url, String postData, MethodBase methodBase, Exception& error) in C:\Users\reno\source\repos\SPAPIstab\SPAPIstab\IF.cs:line 87
2022/09/10 0:18:06	System.Exception: 
curerntMethod:System.String testSPAPI(System.String, System.String, System.String, Region)
2022/09/10 0:18:06	System.Exception: 
url:https://renoneve.xsrv.jp/spapiphp/res.php
2022/09/10 0:18:06	System.Exception: 
postData:xml=%3Croot%3E%3Caction%3ElistCatalogItems_v202204%3C%2Faction%3E%3CUserId%3EtestUser%3C%2FUserId%3E
2022/09/10 0:18:07	System.Net.WebException: The remote server returned an error: (500) Internal Server Error.
   at System.Net.HttpWebRequest.GetResponse()
   at SPAPIstab.IF.post(String url, String postData, MethodBase methodBase, Exception& error) in C:\Users\reno\source\repos\SPAPIstab\SPAPIstab\IF.cs:line 87
2022/09/10 0:18:07	System.Exception: 
curerntMethod:System.String testSPAPI(System.String, System.String, System.String, Region)
2022/09/10 0:18:07	System.Exception: 
url:https://renoneve.xsrv.jp/spapiphp/res.php
2022/09/10 0:18:07	System.Exception: 
postData:xml=%3Croot%3E%3Caction%3ElistCatalogItems_v202204%3C%2Faction%3E%3CUserId%3EtestUser%3C%2FUserId%3E
2022/09/10 0:32:34	System.Net.WebException: The remote server returned an error: (500) Internal Server Error.
   at System.Net.HttpWebRequest.GetResponse()
   at SPAPIstab.IF.post(String url, String postData, MethodBase methodBase, Exception& error) in C:\Users\reno\source\repos\SPAPIstab\SPAPIstab\IF.cs:line 87
2022/09/10 0:32:34	System.Exception: 
curerntMethod:System.Collections.Generic.Dictionary`2[System.String,System.String] getItemOffers(System.String, System.String, System.String, Region, System.Collections.Generic.Dictionary`2[System.String,SPAPIstab.DataModel+ItemAttribute], ItemConditionGetItemOffers)
2022/09/10 0:32:34	System.Exception: 
url:https://main-trademark.ssl-lolipop.jp/spapiphp/res.php
2022/09/10 0:32:34	System.Exception: 
postData:xml=%3Croot%3E%3Caction%3EgetItemOffers%3C%2Faction%3E%3CUserId%3EtestUser%3C%2FUserId%3E%3CappId%3E
2022/09/10 0:32:36	System.Net.WebException: The remote server returned an error: (500) Internal Server Error.
   at System.Net.HttpWebRequest.GetResponse()
   at SPAPIstab.IF.post(String url, String postData, MethodBase methodBase, Exception& error) in C:\Users\reno\source\repos\SPAPIstab\SPAPIstab\IF.cs:line 87
2022/09/10 0:32:36	System.Exception: 
curerntMethod:System.Collections.Generic.Dictionary`2[System.String,System.String] getItemOffers(System.String, System.String, System.String, Region, System.Collections.Generic.Dictionary`2[System.String,SPAPIstab.DataModel+ItemAttribute], ItemConditionGetItemOffers)
2022/09/10 0:32:36	System.Exception: 
url:https://main-trademark.ssl-lolipop.jp/spapiphp/res.php
2022/09/10 0:32:36	System.Exception: 
postData:xml=%3Croot%3E%3Caction%3EgetItemOffers%3C%2Faction%3E%3CUserId%3EtestUser%3C%2FUserId%3E%3CappId%3E
2022/09/10 0:32:38	System.Net.WebException: The remote server returned an error: (500) Internal Server Error.
   at System.Net.HttpWebRequest.GetResponse()
   at SPAPIstab.IF.post(String url, String postData, MethodBase methodBase, Exception& error) in C:\Users\reno\source\repos\SPAPIstab\SPAPIstab\IF.cs:line 87
2022/09/10 0:32:38	System.Exception: 
curerntMethod:System.Collections.Generic.Dictionary`2[System.String,System.String] getItemOffers(System.String, System.String, System.String, Region, System.Collections.Generic.Dictionary`2[System.String,SPAPIstab.DataModel+ItemAttribute], ItemConditionGetItemOffers)
2022/09/10 0:32:38	System.Exception: 
url:https://main-trademark.ssl-lolipop.jp/spapiphp/res.php
2022/09/10 0:32:38	System.Exception: 
postData:xml=%3Croot%3E%3Caction%3EgetItemOffers%3C%2Faction%3E%3CUserId%3EtestUser%3C%2FUserId%3E%3CappId%3E
2022/09/10 0:32:40	System.Net.WebException: The remote server returned an error: (500) Internal Server Error.
   at System.Net.HttpWebRequest.GetResponse()
   at SPAPIstab.IF.post(String url, String postData, MethodBase methodBase, Exception& error) in C:\Users\reno\source\repos\SPAPIstab\SPAPIstab\IF.cs:line 87
2022/09/10 0:32:40	System.Exception: 
curerntMethod:System.Collections.Generic.Dictionary`2[System.String,System.String] getItemOffers(System.String, System.String, System.String, Region, System.Collections.Generic.Dictionary`2[System.String,SPAPIstab.DataModel+ItemAttribute], ItemConditionGetItemOffers)
2022/09/10 0:32:40	System.Exception: 
url:https://main-trademark.ssl-lolipop.jp/spapiphp/res.php
2022/09/10 0:32:40	System.Exception: 
postData:xml=%3Croot%3E%3Caction%3EgetItemOffers%3C%2Faction%3E%3CUserId%3EtestUser%3C%2FUserId%3E%3CappId%3E
2022/09/10 0:32:42	System.Net.WebException: The remote server returned an error: (500) Internal Server Error.
   at System.Net.HttpWebRequest.GetResponse()
   at SPAPIstab.IF.post(String url, String postData, MethodBase methodBase, Exception& error) in C:\Users\reno\source\repos\SPAPIstab\SPAPIstab\IF.cs:line 87
2022/09/10 0:32:42	System.Exception: 
curerntMethod:System.Collections.Generic.Dictionary`2[System.String,System.String] getItemOffers(System.String, System.String, System.String, Region, System.Collections.Generic.Dictionary`2[System.String,SPAPIstab.DataModel+ItemAttribute], ItemConditionGetItemOffers)
2022/09/10 0:32:42	System.Exception: 
url:https://main-trademark.ssl-lolipop.jp/spapiphp/res.php
2022/09/10 0:32:42	System.Exception: 
postData:xml=%3Croot%3E%3Caction%3EgetItemOffers%3C%2Faction%3E%3CUserId%3EtestUser%3C%2FUserId%3E%3CappId%3E
2022/09/10 0:32:43	System.Xml.XmlException: Data at the root level is invalid. Line 1, position 1.
   at System.Xml.XmlTextReaderImpl.Throw(Exception e)
   at System.Xml.XmlTextReaderImpl.Throw(String res, String arg)
   at System.Xml.XmlTextReaderImpl.ParseRootLevelWhitespace()
   at System.Xml.XmlTextReaderImpl.ParseDocumentContent()
   at System.Xml.XmlLoader.Load(XmlDocument doc, XmlReader reader, Boolean preserveWhitespace)
   at System.Xml.XmlDocument.Load(XmlReader reader)
   at System.Xml.XmlDocument.LoadXml(String xml)
   at SPAPIstab.SPAPI.getItemOffersToDictionary(Dictionary`2 response, Dictionary`2& dct, ItemConditionGetItemOffers kind) in C:\Users\reno\source\repos\SPAPIstab\SPAPIstab\SPAPI.cs:line 876
